  unix_serial.cpp
  unix_timer.cpp
  win_serial.cpp
src\impl\windows\win_serial.cpp : warning C4819: 该文件包含不能在当前代码页(936)中表示的字符。请将该文件保存为 Unicode 格式以防止数据丢失
src\impl\windows\win_serial.cpp(312): warning C4244: “初始化”: 从“double”转换到“uint32_t”，可能丢失数据
src\impl\windows\win_serial.cpp(318): error C2065: “msPerByte”: 未声明的标识符
  win_timer.cpp
  serial.cpp
  ydlidar_driver.cpp
C:\Users\EAI\Desktop\VS2015工程实例\YDLIDAR\SDK\include\thread.h(57): warning C4312: “reinterpret_cast”: 从“_size_t”转换到更大的“HANDLE”
C:\Users\EAI\Desktop\VS2015工程实例\YDLIDAR\SDK\include\thread.h(58): warning C4312: “reinterpret_cast”: 从“_size_t”转换到更大的“HANDLE”
C:\Users\EAI\Desktop\VS2015工程实例\YDLIDAR\SDK\include\thread.h(79): warning C4312: “reinterpret_cast”: 从“_size_t”转换到更大的“HANDLE”
C:\Users\EAI\Desktop\VS2015工程实例\YDLIDAR\SDK\include\thread.h(81): warning C4312: “reinterpret_cast”: 从“_size_t”转换到更大的“HANDLE”
C:\Users\EAI\Desktop\VS2015工程实例\YDLIDAR\SDK\include\ydlidar_driver.h : warning C4819: 该文件包含不能在当前代码页(936)中表示的字符。请将该文件保存为 Unicode 格式以防止数据丢失
C:\Users\EAI\Desktop\VS2015工程实例\YDLIDAR\SDK\include\ydlidar_driver.h(741): error C2535: “result_t ydlidar::YDlidarDriver::stop(void)”: 已经定义或声明成员函数
  C:\Users\EAI\Desktop\VS2015工程实例\YDLIDAR\SDK\include\ydlidar_driver.h(349): note: 参见“ydlidar::YDlidarDriver::stop”的声明
src\ydlidar_driver.cpp(896): warning C4244: “=”: 从“double”转换到“uint32_t”，可能丢失数据
src\ydlidar_driver.cpp(913): warning C4244: “=”: 从“double”转换到“uint32_t”，可能丢失数据
src\ydlidar_driver.cpp(916): warning C4244: “=”: 从“double”转换到“uint32_t”，可能丢失数据
src\ydlidar_driver.cpp(924): warning C4244: “=”: 从“double”转换到“uint32_t”，可能丢失数据
src\ydlidar_driver.cpp(934): warning C4244: “=”: 从“double”转换到“uint32_t”，可能丢失数据
